build/app/intermediates/manifest_merge_blame_file/debug/manifest-merger-blame-debug-report.txt
1<?xml version="1.0" encoding="utf-8"?>
2<manifest xmlns:android="http://schemas.android.com/apk/res/android"
3    package="com.taramandal.rashi_network"
4    android:versionCode="41"
5    android:versionName="4.0.1" >
6
7    <uses-sdk
8        android:minSdkVersion="21"
9        android:targetSdkVersion="33" />
10    <!--
11         The INTERNET permission is required for development. Specifically,
12         the Flutter tool needs it to communicate with the running application
13         to allow setting breakpoints, to provide hot reload, etc.
14    -->
15    <uses-permission android:name="android.permission.INTERNET" />
15-->src\main\AndroidManifest.xml:2:3-64
15-->src\main\AndroidManifest.xml:2:20-62
16    <uses-permission android:name="android.permission.ACCESS_NETWORK_STATE" />
16-->src\main\AndroidManifest.xml:3:3-76
16-->src\main\AndroidManifest.xml:3:20-74
17
18    <queries>
18-->src\main\AndroidManifest.xml:5:3-22:13
19        <intent>
19-->src\main\AndroidManifest.xml:6:5-9:14
20            <action android:name="android.intent.action.VIEW" />
20-->src\main\AndroidManifest.xml:7:7-59
20-->src\main\AndroidManifest.xml:7:15-56
21
22            <data android:scheme="https" />
22-->src\main\AndroidManifest.xml:8:7-38
22-->src\main\AndroidManifest.xml:8:13-35
23        </intent>
24        <intent>
24-->src\main\AndroidManifest.xml:10:5-13:14
25            <action android:name="android.intent.action.DIAL" />
25-->src\main\AndroidManifest.xml:11:7-59
25-->src\main\AndroidManifest.xml:11:15-56
26
27            <data android:scheme="tel" />
27-->src\main\AndroidManifest.xml:8:7-38
27-->src\main\AndroidManifest.xml:8:13-35
28        </intent>
29        <intent>
29-->src\main\AndroidManifest.xml:14:5-17:14
30            <action android:name="android.intent.action.SENDTO" />
30-->src\main\AndroidManifest.xml:15:7-61
30-->src\main\AndroidManifest.xml:15:15-58
31
32            <data android:scheme="smsto" />
32-->src\main\AndroidManifest.xml:8:7-38
32-->src\main\AndroidManifest.xml:8:13-35
33        </intent>
34        <intent>
34-->src\main\AndroidManifest.xml:18:5-21:14
35            <action android:name="android.intent.action.SEND" />
35-->src\main\AndroidManifest.xml:19:7-59
35-->src\main\AndroidManifest.xml:19:15-56
36
37            <data android:mimeType="*/*" />
37-->src\main\AndroidManifest.xml:8:7-38
38        </intent>
39        <intent>
39-->[:flutter_inappwebview] AndroidManifest.xml:10:9-12:18
40            <action android:name="android.support.customtabs.action.CustomTabsService" />
40-->[:flutter_inappwebview] AndroidManifest.xml:11:13-90
40-->[:flutter_inappwebview] AndroidManifest.xml:11:21-87
41        </intent> <!-- Needs to be explicitly declared on Android R+ -->
42        <package android:name="com.google.android.apps.maps" /> <!-- For browser content -->
42-->[com.google.android.gms:play-services-maps:18.1.0] AndroidManifest.xml:33:9-64
42-->[com.google.android.gms:play-services-maps:18.1.0] AndroidManifest.xml:33:18-61
43        <intent>
43-->[com.google.android.gms:play-services-ads-lite:22.0.0] AndroidManifest.xml:35:9-41:18
44            <action android:name="android.intent.action.VIEW" />
44-->src\main\AndroidManifest.xml:7:7-59
44-->src\main\AndroidManifest.xml:7:15-56
45
46            <category android:name="android.intent.category.BROWSABLE" />
46-->[com.google.firebase:firebase-auth:22.1.1] AndroidManifest.xml:39:17-78
46-->[com.google.firebase:firebase-auth:22.1.1] AndroidManifest.xml:39:27-75
47
48            <data android:scheme="https" />
48-->src\main\AndroidManifest.xml:8:7-38
48-->src\main\AndroidManifest.xml:8:13-35
49        </intent>
50    </queries>
51
52    <uses-permission android:name="android.permission.WAKE_LOCK" /> <!-- Permissions options for the `notification` group -->
52-->[:firebase_messaging] AndroidManifest.xml:10:5-68
52-->[:firebase_messaging] AndroidManifest.xml:10:22-65
53    <uses-permission android:name="android.permission.POST_NOTIFICATIONS" />
53-->[:firebase_messaging] AndroidManifest.xml:13:5-77
53-->[:firebase_messaging] AndroidManifest.xml:13:22-74
54    <uses-permission android:name="android.permission.RECEIVE_BOOT_COMPLETED" />
54-->[:flutter_local_notifications] AndroidManifest.xml:9:5-81
54-->[:flutter_local_notifications] AndroidManifest.xml:9:22-78
55    <uses-permission android:name="android.permission.VIBRATE" />
55-->[:flutter_local_notifications] AndroidManifest.xml:10:5-66
55-->[:flutter_local_notifications] AndroidManifest.xml:10:22-63
56    <uses-permission android:name="android.permission.USE_FULL_SCREEN_INTENT" />
56-->[:flutter_local_notifications] AndroidManifest.xml:11:5-81
56-->[:flutter_local_notifications] AndroidManifest.xml:11:22-78
57    <uses-permission android:name="android.permission.SCHEDULE_EXACT_ALARM" />
57-->[:flutter_local_notifications] AndroidManifest.xml:12:5-79
57-->[:flutter_local_notifications] AndroidManifest.xml:12:22-76
58
59    <uses-feature
59-->[com.google.android.gms:play-services-maps:18.1.0] AndroidManifest.xml:26:5-28:35
60        android:glEsVersion="0x00020000"
60-->[com.google.android.gms:play-services-maps:18.1.0] AndroidManifest.xml:27:9-41
61        android:required="true" /> <!-- Required by older versions of Google Play services to create IID tokens -->
61-->[com.google.android.gms:play-services-maps:18.1.0] AndroidManifest.xml:28:9-32
62    <uses-permission android:name="com.google.android.c2dm.permission.RECEIVE" />
62-->[com.google.firebase:firebase-messaging:23.2.1] AndroidManifest.xml:26:5-82
62-->[com.google.firebase:firebase-messaging:23.2.1] AndroidManifest.xml:26:22-79
63    <uses-permission android:name="com.google.android.gms.permission.AD_ID" />
63-->[com.google.android.gms:play-services-ads-lite:22.0.0] AndroidManifest.xml:26:5-79
63-->[com.google.android.gms:play-services-ads-lite:22.0.0] AndroidManifest.xml:26:22-76
64    <uses-permission android:name="android.permission.FOREGROUND_SERVICE" />
64-->[androidx.work:work-runtime:2.7.0] AndroidManifest.xml:28:5-77
64-->[androidx.work:work-runtime:2.7.0] AndroidManifest.xml:28:22-74
65
66    <permission
66-->[androidx.core:core:1.9.0] AndroidManifest.xml:22:5-24:47
67        android:name="com.taramandal.rashi_network.DYNAMIC_RECEIVER_NOT_EXPORTED_PERMISSION"
67-->[androidx.core:core:1.9.0] AndroidManifest.xml:23:9-81
68        android:protectionLevel="signature" />
68-->[androidx.core:core:1.9.0] AndroidManifest.xml:24:9-44
69
70    <uses-permission android:name="com.taramandal.rashi_network.DYNAMIC_RECEIVER_NOT_EXPORTED_PERMISSION" />
70-->[androidx.core:core:1.9.0] AndroidManifest.xml:26:5-97
70-->[androidx.core:core:1.9.0] AndroidManifest.xml:26:22-94
71
72    <application
73        android:name="android.app.Application"
74        android:appComponentFactory="androidx.core.app.CoreComponentFactory"
74-->[androidx.core:core:1.9.0] AndroidManifest.xml:28:18-86
75        android:debuggable="true"
76        android:icon="@mipmap/ic_launcher"
77        android:label="The Taramandal"
78        android:usesCleartextTraffic="true" >
78-->[:instamojo] AndroidManifest.xml:9:18-53
79        <activity
80            android:name="com.taramandal.rashi_network.MainActivity"
81            android:configChanges="orientation|keyboardHidden|keyboard|screenSize|smallestScreenSize|locale|layoutDirection|fontScale|screenLayout|density|uiMode"
82            android:exported="true"
83            android:hardwareAccelerated="true"
84            android:launchMode="singleTop"
85            android:theme="@style/LaunchTheme"
86            android:windowSoftInputMode="adjustResize" >
87
88            <!--
89           Specifies an Android theme to apply to this Activity as soon as
90                 the Android process has started. This theme is visible to the user
91                 while the Flutter UI initializes. After that, this theme continues
92                 to determine the Window background behind the Flutter UI.
93            -->
94            <meta-data
95                android:name="io.flutter.embedding.android.NormalTheme"
96                android:resource="@style/NormalTheme" />
97
98            <intent-filter>
99                <action android:name="android.intent.action.MAIN" />
100
101                <category android:name="android.intent.category.LAUNCHER" />
102            </intent-filter>
103            <intent-filter>
104                <action android:name="android.intent.action.VIEW" />
104-->src\main\AndroidManifest.xml:7:7-59
104-->src\main\AndroidManifest.xml:7:15-56
105
106                <category android:name="android.intent.category.DEFAULT" />
106-->[com.google.firebase:firebase-auth:22.1.1] AndroidManifest.xml:38:17-76
106-->[com.google.firebase:firebase-auth:22.1.1] AndroidManifest.xml:38:27-73
107                <category android:name="android.intent.category.BROWSABLE" />
107-->[com.google.firebase:firebase-auth:22.1.1] AndroidManifest.xml:39:17-78
107-->[com.google.firebase:firebase-auth:22.1.1] AndroidManifest.xml:39:27-75
108
109                <data android:scheme="upi" />
109-->src\main\AndroidManifest.xml:8:7-38
109-->src\main\AndroidManifest.xml:8:13-35
110            </intent-filter>
111        </activity>
112
113        <meta-data
114            android:name="com.google.android.gms.ads.APPLICATION_ID"
115            android:value="ca-app-pub-1707891752226935~4362148079" />
116        <!--
117         Don't delete the meta-data below.
118             This is used by the Flutter tool to generate GeneratedPluginRegistrant.java
119        -->
120
121        <meta-data
122            android:name="flutterEmbedding"
123            android:value="2" />
124
125        <service
125-->[:firebase_messaging] AndroidManifest.xml:16:9-19:72
126            android:name="io.flutter.plugins.firebase.messaging.FlutterFirebaseMessagingBackgroundService"
126-->[:firebase_messaging] AndroidManifest.xml:17:13-107
127            android:exported="false"
127-->[:firebase_messaging] AndroidManifest.xml:18:13-37
128            android:permission="android.permission.BIND_JOB_SERVICE" />
128-->[:firebase_messaging] AndroidManifest.xml:19:13-69
129        <service
129-->[:firebase_messaging] AndroidManifest.xml:20:9-26:19
130            android:name="io.flutter.plugins.firebase.messaging.FlutterFirebaseMessagingService"
130-->[:firebase_messaging] AndroidManifest.xml:21:13-97
131            android:exported="false" >
131-->[:firebase_messaging] AndroidManifest.xml:22:13-37
132            <intent-filter>
132-->[:firebase_messaging] AndroidManifest.xml:23:13-25:29
133                <action android:name="com.google.firebase.MESSAGING_EVENT" />
133-->[:firebase_messaging] AndroidManifest.xml:24:17-78
133-->[:firebase_messaging] AndroidManifest.xml:24:25-75
134            </intent-filter>
135        </service>
136
137        <receiver
137-->[:firebase_messaging] AndroidManifest.xml:28:9-35:20
138            android:name="io.flutter.plugins.firebase.messaging.FlutterFirebaseMessagingReceiver"
138-->[:firebase_messaging] AndroidManifest.xml:29:13-98
139            android:exported="true"
139-->[:firebase_messaging] AndroidManifest.xml:30:13-36
140            android:permission="com.google.android.c2dm.permission.SEND" >
140-->[:firebase_messaging] AndroidManifest.xml:31:13-73
141            <intent-filter>
141-->[:firebase_messaging] AndroidManifest.xml:32:13-34:29
142                <action android:name="com.google.android.c2dm.intent.RECEIVE" />
142-->[:firebase_messaging] AndroidManifest.xml:33:17-81
142-->[:firebase_messaging] AndroidManifest.xml:33:25-78
143            </intent-filter>
144        </receiver>
145
146        <service
146-->[:firebase_messaging] AndroidManifest.xml:37:9-41:19
147            android:name="com.google.firebase.components.ComponentDiscoveryService"
147-->[:firebase_messaging] AndroidManifest.xml:37:18-89
148            android:directBootAware="true"
148-->[com.google.firebase:firebase-common:20.3.3] AndroidManifest.xml:34:13-43
149            android:exported="false" >
149-->[com.google.firebase:firebase-auth:22.1.1] AndroidManifest.xml:68:13-37
150            <meta-data
150-->[:firebase_messaging] AndroidManifest.xml:38:13-40:85
151                android:name="com.google.firebase.components:io.flutter.plugins.firebase.messaging.FlutterFirebaseAppRegistrar"
151-->[:firebase_messaging] AndroidManifest.xml:39:17-128
152                android:value="com.google.firebase.components.ComponentRegistrar" />
152-->[:firebase_messaging] AndroidManifest.xml:40:17-82
153            <meta-data
153-->[:cloud_firestore] AndroidManifest.xml:11:13-13:85
154                android:name="com.google.firebase.components:io.flutter.plugins.firebase.firestore.FlutterFirebaseFirestoreRegistrar"
154-->[:cloud_firestore] AndroidManifest.xml:12:17-134
155                android:value="com.google.firebase.components.ComponentRegistrar" />
155-->[:cloud_firestore] AndroidManifest.xml:13:17-82
156            <meta-data
156-->[:firebase_auth] AndroidManifest.xml:11:13-13:85
157                android:name="com.google.firebase.components:io.flutter.plugins.firebase.auth.FlutterFirebaseAuthRegistrar"
157-->[:firebase_auth] AndroidManifest.xml:12:17-124
158                android:value="com.google.firebase.components.ComponentRegistrar" />
158-->[:firebase_auth] AndroidManifest.xml:13:17-82
159            <meta-data
159-->[:firebase_remote_config] AndroidManifest.xml:11:13-13:85
160                android:name="com.google.firebase.components:io.flutter.plugins.firebase.firebaseremoteconfig.FlutterFirebaseAppRegistrar"
160-->[:firebase_remote_config] AndroidManifest.xml:12:17-139
161                android:value="com.google.firebase.components.ComponentRegistrar" />
161-->[:firebase_remote_config] AndroidManifest.xml:13:17-82
162            <meta-data
162-->[:firebase_core] AndroidManifest.xml:11:13-13:85
163                android:name="com.google.firebase.components:io.flutter.plugins.firebase.core.FlutterFirebaseCoreRegistrar"
163-->[:firebase_core] AndroidManifest.xml:12:17-124
164                android:value="com.google.firebase.components.ComponentRegistrar" />
164-->[:firebase_core] AndroidManifest.xml:13:17-82
165            <meta-data
165-->[com.google.firebase:firebase-auth:22.1.1] AndroidManifest.xml:69:13-71:85
166                android:name="com.google.firebase.components:com.google.firebase.auth.FirebaseAuthRegistrar"
166-->[com.google.firebase:firebase-auth:22.1.1] AndroidManifest.xml:70:17-109
167                android:value="com.google.firebase.components.ComponentRegistrar" />
167-->[com.google.firebase:firebase-auth:22.1.1] AndroidManifest.xml:71:17-82
168            <meta-data
168-->[com.google.firebase:firebase-firestore:24.7.1] AndroidManifest.xml:17:13-19:85
169                android:name="com.google.firebase.components:com.google.firebase.firestore.FirestoreRegistrar"
169-->[com.google.firebase:firebase-firestore:24.7.1] AndroidManifest.xml:18:17-111
170                android:value="com.google.firebase.components.ComponentRegistrar" />
170-->[com.google.firebase:firebase-firestore:24.7.1] AndroidManifest.xml:19:17-82
171            <meta-data
171-->[com.google.firebase:firebase-messaging:23.2.1] AndroidManifest.xml:53:13-55:85
172                android:name="com.google.firebase.components:com.google.firebase.messaging.FirebaseMessagingRegistrar"
172-->[com.google.firebase:firebase-messaging:23.2.1] AndroidManifest.xml:54:17-119
173                android:value="com.google.firebase.components.ComponentRegistrar" />
173-->[com.google.firebase:firebase-messaging:23.2.1] AndroidManifest.xml:55:17-82
174            <meta-data
174-->[com.google.firebase:firebase-iid:21.1.0] AndroidManifest.xml:32:13-34:85
175                android:name="com.google.firebase.components:com.google.firebase.iid.Registrar"
175-->[com.google.firebase:firebase-iid:21.1.0] AndroidManifest.xml:33:17-96
176                android:value="com.google.firebase.components.ComponentRegistrar" />
176-->[com.google.firebase:firebase-iid:21.1.0] AndroidManifest.xml:34:17-82
177            <meta-data
177-->[com.google.firebase:firebase-config:21.4.1] AndroidManifest.xml:31:13-33:85
178                android:name="com.google.firebase.components:com.google.firebase.remoteconfig.RemoteConfigRegistrar"
178-->[com.google.firebase:firebase-config:21.4.1] AndroidManifest.xml:32:17-117
179                android:value="com.google.firebase.components.ComponentRegistrar" />
179-->[com.google.firebase:firebase-config:21.4.1] AndroidManifest.xml:33:17-82
180            <meta-data
180-->[com.google.firebase:firebase-installations:17.1.4] AndroidManifest.xml:15:13-17:85
181                android:name="com.google.firebase.components:com.google.firebase.installations.FirebaseInstallationsRegistrar"
181-->[com.google.firebase:firebase-installations:17.1.4] AndroidManifest.xml:16:17-127
182                android:value="com.google.firebase.components.ComponentRegistrar" />
182-->[com.google.firebase:firebase-installations:17.1.4] AndroidManifest.xml:17:17-82
183            <meta-data
183-->[com.google.firebase:firebase-abt:21.1.1] AndroidManifest.xml:12:13-14:85
184                android:name="com.google.firebase.components:com.google.firebase.abt.component.AbtRegistrar"
184-->[com.google.firebase:firebase-abt:21.1.1] AndroidManifest.xml:13:17-109
185                android:value="com.google.firebase.components.ComponentRegistrar" />
185-->[com.google.firebase:firebase-abt:21.1.1] AndroidManifest.xml:14:17-82
186            <meta-data
186-->[com.google.firebase:firebase-datatransport:18.1.7] AndroidManifest.xml:27:13-29:85
187                android:name="com.google.firebase.components:com.google.firebase.datatransport.TransportRegistrar"
187-->[com.google.firebase:firebase-datatransport:18.1.7] AndroidManifest.xml:28:17-115
188                android:value="com.google.firebase.components.ComponentRegistrar" />
188-->[com.google.firebase:firebase-datatransport:18.1.7] AndroidManifest.xml:29:17-82
189        </service>
190
191        <provider
191-->[:firebase_messaging] AndroidManifest.xml:43:9-47:38
192            android:name="io.flutter.plugins.firebase.messaging.FlutterFirebaseMessagingInitProvider"
192-->[:firebase_messaging] AndroidManifest.xml:44:13-102
193            android:authorities="com.taramandal.rashi_network.flutterfirebasemessaginginitprovider"
193-->[:firebase_messaging] AndroidManifest.xml:45:13-88
194            android:exported="false"
194-->[:firebase_messaging] AndroidManifest.xml:46:13-37
195            android:initOrder="99" />
195-->[:firebase_messaging] AndroidManifest.xml:47:13-35
196
197        <receiver
197-->[:flutter_local_notifications] AndroidManifest.xml:16:9-18:40
198            android:name="com.dexterous.flutterlocalnotifications.ActionBroadcastReceiver"
198-->[:flutter_local_notifications] AndroidManifest.xml:17:13-91
199            android:exported="false" />
199-->[:flutter_local_notifications] AndroidManifest.xml:18:13-37
200        <receiver
200-->[:flutter_local_notifications] AndroidManifest.xml:19:9-21:40
201            android:name="com.dexterous.flutterlocalnotifications.ScheduledNotificationReceiver"
201-->[:flutter_local_notifications] AndroidManifest.xml:20:13-97
202            android:exported="false" />
202-->[:flutter_local_notifications] AndroidManifest.xml:21:13-37
203        <receiver
203-->[:flutter_local_notifications] AndroidManifest.xml:22:9-31:20
204            android:name="com.dexterous.flutterlocalnotifications.ScheduledNotificationBootReceiver"
204-->[:flutter_local_notifications] AndroidManifest.xml:23:13-101
205            android:exported="false" >
205-->[:flutter_local_notifications] AndroidManifest.xml:24:13-37
206            <intent-filter>
206-->[:flutter_local_notifications] AndroidManifest.xml:25:13-30:29
207                <action android:name="android.intent.action.BOOT_COMPLETED" />
207-->[:flutter_local_notifications] AndroidManifest.xml:26:17-79
207-->[:flutter_local_notifications] AndroidManifest.xml:26:25-76
208                <action android:name="android.intent.action.MY_PACKAGE_REPLACED" />
208-->[:flutter_local_notifications] AndroidManifest.xml:27:17-84
208-->[:flutter_local_notifications] AndroidManifest.xml:27:25-81
209                <action android:name="android.intent.action.QUICKBOOT_POWERON" />
209-->[:flutter_local_notifications] AndroidManifest.xml:28:17-82
209-->[:flutter_local_notifications] AndroidManifest.xml:28:25-79
210                <action android:name="com.htc.intent.action.QUICKBOOT_POWERON" />
210-->[:flutter_local_notifications] AndroidManifest.xml:29:17-82
210-->[:flutter_local_notifications] AndroidManifest.xml:29:25-79
211            </intent-filter>
212        </receiver>
213
214        <activity
214-->[:flutter_inappwebview] AndroidManifest.xml:16:9-20:47
215            android:name="com.pichillilorenzo.flutter_inappwebview.in_app_browser.InAppBrowserActivity"
215-->[:flutter_inappwebview] AndroidManifest.xml:17:13-104
216            android:configChanges="orientation|keyboardHidden|keyboard|screenSize|locale|layoutDirection|fontScale|screenLayout|density"
216-->[:flutter_inappwebview] AndroidManifest.xml:18:13-137
217            android:exported="false"
217-->[:flutter_inappwebview] AndroidManifest.xml:19:13-37
218            android:theme="@style/AppTheme" />
218-->[:flutter_inappwebview] AndroidManifest.xml:20:13-44
219        <activity
219-->[:flutter_inappwebview] AndroidManifest.xml:21:9-24:55
220            android:name="com.pichillilorenzo.flutter_inappwebview.chrome_custom_tabs.ChromeCustomTabsActivity"
220-->[:flutter_inappwebview] AndroidManifest.xml:22:13-112
221            android:exported="false"
221-->[:flutter_inappwebview] AndroidManifest.xml:23:13-37
222            android:theme="@style/ThemeTransparent" />
222-->[:flutter_inappwebview] AndroidManifest.xml:24:13-52
223        <activity
223-->[:flutter_inappwebview] AndroidManifest.xml:25:9-28:55
224            android:name="com.pichillilorenzo.flutter_inappwebview.chrome_custom_tabs.TrustedWebActivity"
224-->[:flutter_inappwebview] AndroidManifest.xml:26:13-106
225            android:exported="false"
225-->[:flutter_inappwebview] AndroidManifest.xml:27:13-37
226            android:theme="@style/ThemeTransparent" />
226-->[:flutter_inappwebview] AndroidManifest.xml:28:13-52
227        <activity
227-->[:flutter_inappwebview] AndroidManifest.xml:29:9-33:55
228            android:name="com.pichillilorenzo.flutter_inappwebview.chrome_custom_tabs.ChromeCustomTabsActivitySingleInstance"
228-->[:flutter_inappwebview] AndroidManifest.xml:30:13-126
229            android:exported="false"
229-->[:flutter_inappwebview] AndroidManifest.xml:31:13-37
230            android:launchMode="singleInstance"
230-->[:flutter_inappwebview] AndroidManifest.xml:32:13-48
231            android:theme="@style/ThemeTransparent" />
231-->[:flutter_inappwebview] AndroidManifest.xml:33:13-52
232        <activity
232-->[:flutter_inappwebview] AndroidManifest.xml:34:9-38:55
233            android:name="com.pichillilorenzo.flutter_inappwebview.chrome_custom_tabs.TrustedWebActivitySingleInstance"
233-->[:flutter_inappwebview] AndroidManifest.xml:35:13-120
234            android:exported="false"
234-->[:flutter_inappwebview] AndroidManifest.xml:36:13-37
235            android:launchMode="singleInstance"
235-->[:flutter_inappwebview] AndroidManifest.xml:37:13-48
236            android:theme="@style/ThemeTransparent" />
236-->[:flutter_inappwebview] AndroidManifest.xml:38:13-52
237
238        <receiver
238-->[:flutter_inappwebview] AndroidManifest.xml:40:9-43:40
239            android:name="com.pichillilorenzo.flutter_inappwebview.chrome_custom_tabs.ActionBroadcastReceiver"
239-->[:flutter_inappwebview] AndroidManifest.xml:41:13-111
240            android:enabled="true"
240-->[:flutter_inappwebview] AndroidManifest.xml:42:13-35
241            android:exported="false" />
241-->[:flutter_inappwebview] AndroidManifest.xml:43:13-37
242
243        <meta-data
243-->[:flutter_inappwebview] AndroidManifest.xml:45:9-47:36
244            android:name="io.flutter.embedded_views_preview"
244-->[:flutter_inappwebview] AndroidManifest.xml:46:13-61
245            android:value="true" />
245-->[:flutter_inappwebview] AndroidManifest.xml:47:13-33
246        <!--
247           Declares a provider which allows us to store files to share in
248           '.../caches/share_plus' and grant the receiving action access
249        -->
250        <provider
250-->[:share_plus] AndroidManifest.xml:15:9-23:20
251            android:name="dev.fluttercommunity.plus.share.ShareFileProvider"
251-->[:share_plus] AndroidManifest.xml:16:13-77
252            android:authorities="com.taramandal.rashi_network.flutter.share_provider"
252-->[:share_plus] AndroidManifest.xml:17:13-74
253            android:exported="false"
253-->[:share_plus] AndroidManifest.xml:18:13-37
254            android:grantUriPermissions="true" >
254-->[:share_plus] AndroidManifest.xml:19:13-47
255            <meta-data
255-->[:share_plus] AndroidManifest.xml:20:13-22:68
256                android:name="android.support.FILE_PROVIDER_PATHS"
256-->[:share_plus] AndroidManifest.xml:21:17-67
257                android:resource="@xml/flutter_share_file_paths" />
257-->[:share_plus] AndroidManifest.xml:22:17-65
258        </provider>
259        <!--
260           This manifest declared broadcast receiver allows us to use an explicit
261           Intent when creating a PendingItent to be informed of the user's choice
262        -->
263        <receiver
263-->[:share_plus] AndroidManifest.xml:28:9-34:20
264            android:name="dev.fluttercommunity.plus.share.SharePlusPendingIntent"
264-->[:share_plus] AndroidManifest.xml:29:13-82
265            android:exported="false" >
265-->[:share_plus] AndroidManifest.xml:30:13-37
266            <intent-filter>
266-->[:share_plus] AndroidManifest.xml:31:13-33:29
267                <action android:name="EXTRA_CHOSEN_COMPONENT" />
267-->[:share_plus] AndroidManifest.xml:32:17-65
267-->[:share_plus] AndroidManifest.xml:32:25-62
268            </intent-filter>
269        </receiver>
270
271        <provider
271-->[:image_picker_android] AndroidManifest.xml:10:9-18:20
272            android:name="io.flutter.plugins.imagepicker.ImagePickerFileProvider"
272-->[:image_picker_android] AndroidManifest.xml:11:13-82
273            android:authorities="com.taramandal.rashi_network.flutter.image_provider"
273-->[:image_picker_android] AndroidManifest.xml:12:13-74
274            android:exported="false"
274-->[:image_picker_android] AndroidManifest.xml:13:13-37
275            android:grantUriPermissions="true" >
275-->[:image_picker_android] AndroidManifest.xml:14:13-47
276            <meta-data
276-->[:share_plus] AndroidManifest.xml:20:13-22:68
277                android:name="android.support.FILE_PROVIDER_PATHS"
277-->[:share_plus] AndroidManifest.xml:21:17-67
278                android:resource="@xml/flutter_image_picker_file_paths" />
278-->[:share_plus] AndroidManifest.xml:22:17-65
279        </provider>
280
281        <activity
281-->[:url_launcher_android] AndroidManifest.xml:10:9-13:74
282            android:name="io.flutter.plugins.urllauncher.WebViewActivity"
282-->[:url_launcher_android] AndroidManifest.xml:11:13-74
283            android:exported="false"
283-->[:url_launcher_android] AndroidManifest.xml:12:13-37
284            android:theme="@android:style/Theme.NoTitleBar.Fullscreen" /> <!-- Needs to be explicitly declared on P+ -->
284-->[:url_launcher_android] AndroidManifest.xml:13:13-71
285        <uses-library
285-->[com.google.android.gms:play-services-maps:18.1.0] AndroidManifest.xml:39:9-41:40
286            android:name="org.apache.http.legacy"
286-->[com.google.android.gms:play-services-maps:18.1.0] AndroidManifest.xml:40:13-50
287            android:required="false" />
287-->[com.google.android.gms:play-services-maps:18.1.0] AndroidManifest.xml:41:13-37
288
289        <activity
289-->[com.google.android.gms:play-services-auth:20.5.0] AndroidManifest.xml:23:9-27:75
290            android:name="com.google.android.gms.auth.api.signin.internal.SignInHubActivity"
290-->[com.google.android.gms:play-services-auth:20.5.0] AndroidManifest.xml:24:13-93
291            android:excludeFromRecents="true"
291-->[com.google.android.gms:play-services-auth:20.5.0] AndroidManifest.xml:25:13-46
292            android:exported="false"
292-->[com.google.android.gms:play-services-auth:20.5.0] AndroidManifest.xml:26:13-37
293            android:theme="@android:style/Theme.Translucent.NoTitleBar" />
293-->[com.google.android.gms:play-services-auth:20.5.0] AndroidManifest.xml:27:13-72
294        <!--
295            Service handling Google Sign-In user revocation. For apps that do not integrate with
296            Google Sign-In, this service will never be started.
297        -->
298        <service
298-->[com.google.android.gms:play-services-auth:20.5.0] AndroidManifest.xml:33:9-37:51
299            android:name="com.google.android.gms.auth.api.signin.RevocationBoundService"
299-->[com.google.android.gms:play-services-auth:20.5.0] AndroidManifest.xml:34:13-89
300            android:exported="true"
300-->[com.google.android.gms:play-services-auth:20.5.0] AndroidManifest.xml:35:13-36
301            android:permission="com.google.android.gms.auth.api.signin.permission.REVOCATION_NOTIFICATION"
301-->[com.google.android.gms:play-services-auth:20.5.0] AndroidManifest.xml:36:13-107
302            android:visibleToInstantApps="true" />
302-->[com.google.android.gms:play-services-auth:20.5.0] AndroidManifest.xml:37:13-48
303
304        <activity
304-->[com.google.firebase:firebase-auth:22.1.1] AndroidManifest.xml:29:9-46:20
305            android:name="com.google.firebase.auth.internal.GenericIdpActivity"
305-->[com.google.firebase:firebase-auth:22.1.1] AndroidManifest.xml:30:13-80
306            android:excludeFromRecents="true"